#
# There is insufficient memory for the Java Runtime Environment to continue.
# Native memory allocation (malloc) failed to allocate 1048576 bytes for AllocateHeap
# Possible reasons:
#   The system is out of physical RAM or swap space
#   In 32 bit mode, the process size limit was hit
# Possible solutions:
#   Reduce memory load on the system
#   Increase physical memory or swap space
#   Check if swap backing store is full
#   Use 64 bit Java on a 64 bit OS
#   Decrease Java heap size (-Xmx/-Xms)
#   Decrease number of Java threads
#   Decrease Java thread stack sizes (-Xss)
#   Set larger code cache with -XX:ReservedCodeCacheSize=
# This output file may be truncated or incomplete.
#
#  Out of Memory Error (memory/allocation.inline.hpp:61), pid=6028, tid=0x00000000000009f8
#
# JRE version:  (8.0_76-b01) (build )
# Java VM: OpenJDK 64-Bit Server VM (25.76-b01 mixed mode windows-amd64 compressed oops)
# Failed to write core dump. Minidumps are not enabled by default on client versions of Windows
#

---------------  T H R E A D  ---------------

Current thread (0x0000000001db1000):  JavaThread "Unknown thread" [_thread_in_vm, id=2552, stack(0x0000000001cb0000,0x0000000001db0000)]

Stack: [0x0000000001cb0000,0x0000000001db0000]
[error occurred during error reporting (printing stack bounds), id 0xc0000005]

Native frames: (J=compiled Java code, j=interpreted, Vv=VM code, C=native code)


---------------  P R O C E S S  ---------------

Java Threads: ( => current thread )

Other Threads:

=>0x0000000001db1000 (exited) JavaThread "Unknown thread" [_thread_in_vm, id=2552, stack(0x0000000001cb0000,0x0000000001db0000)]

VM state:not at safepoint (normal execution)

VM Mutex/Monitor currently owned by a thread: None

Heap:
 PSYoungGen      total 38400K, used 665K [0x00000000eab00000, 0x00000000ed580000, 0x0000000100000000)
  eden space 33280K, 2% used [0x00000000eab00000,0x00000000eaba6670,0x00000000ecb80000)
  from space 5120K, 0% used [0x00000000ed080000,0x00000000ed080000,0x00000000ed580000)
  to   space 5120K, 0% used [0x00000000ecb80000,0x00000000ecb80000,0x00000000ed080000)
 ParOldGen       total 87552K, used 0K [0x00000000c0000000, 0x00000000c5580000, 0x00000000eab00000)
  object space 87552K, 0% used [0x00000000c0000000,0x00000000c0000000,0x00000000c5580000)
 Metaspace       used 771K, capacity 4480K, committed 4480K, reserved 1056768K
  class space    used 73K, capacity 384K, committed 384K, reserved 1048576K

Card table byte_map: [0x0000000011270000,0x0000000011480000] byte_map_base: 0x0000000010c70000

Marking Bits: (ParMarkBitMap*) 0x0000000073ed9d00
 Begin Bits: [0x00000000119e0000, 0x00000000129e0000)
 End Bits:   [0x00000000129e0000, 0x00000000139e0000)

Polling page: 0x0000000000440000

CodeCache: size=245760Kb used=328Kb max_used=328Kb free=245431Kb
 bounds [0x0000000001eb0000, 0x0000000002120000, 0x0000000010eb0000]
 total_blobs=57 nmethods=0 adapters=38
 compilation: enabled

Compilation events (0 events):
No events

GC Heap History (0 events):
No events

Deoptimization events (0 events):
No events

Internal exceptions (0 events):
No events

Events (10 events):
Event: 0.043 loading class java/lang/Short
Event: 0.043 loading class java/lang/Short done
Event: 0.043 loading class java/lang/Integer
Event: 0.043 loading class java/lang/Integer done
Event: 0.043 loading class java/lang/Long
Event: 0.043 loading class java/lang/Long done
Event: 0.044 loading class java/lang/NullPointerException
Event: 0.044 loading class java/lang/NullPointerException done
Event: 0.044 loading class java/lang/ArithmeticException
Event: 0.044 loading class java/lang/ArithmeticException done


Dynamic libraries:
0x00007ff74ce60000 - 0x00007ff74ce95000 	C:\Android\android-studio\canary\jre\bin\java.exe
0x00007ffbf1850000 - 0x00007ffbf19fd000 	C:\Windows\SYSTEM32\ntdll.dll
0x00007ffbf0fa0000 - 0x00007ffbf10de000 	C:\Windows\system32\KERNEL32.DLL
0x00007ffbeece0000 - 0x00007ffbeedf5000 	C:\Windows\system32\KERNELBASE.dll
0x00007ffbef0e0000 - 0x00007ffbef18a000 	C:\Windows\system32\ADVAPI32.dll
0x00007ffbf0ae0000 - 0x00007ffbf0c57000 	C:\Windows\system32\USER32.dll
0x00007ffbec170000 - 0x00007ffbec3eb000 	C:\Windows\WinSxS\amd64_microsoft.windows.common-controls_6595b64144ccf1df_6.0.9600.18006_none_623f33d3ecbe86e8\COMCTL32.dll
0x00007ffbf13e0000 - 0x00007ffbf148a000 	C:\Windows\system32\msvcrt.dll
0x00007ffbef040000 - 0x00007ffbef099000 	C:\Windows\SYSTEM32\sechost.dll
0x00007ffbf10e0000 - 0x00007ffbf1220000 	C:\Windows\system32\RPCRT4.dll
0x00007ffbf1290000 - 0x00007ffbf13e0000 	C:\Windows\system32\GDI32.dll
0x00007ffbeee60000 - 0x00007ffbeee8e000 	C:\Windows\system32\SspiCli.dll
0x00007ffbef0a0000 - 0x00007ffbef0d6000 	C:\Windows\system32\IMM32.DLL
0x00007ffbeeee0000 - 0x00007ffbef032000 	C:\Windows\system32\MSCTF.dll
0x0000000073560000 - 0x0000000073632000 	C:\Android\android-studio\canary\jre\jre\bin\msvcr100.dll
0x0000000073720000 - 0x0000000073f54000 	C:\Android\android-studio\canary\jre\jre\bin\server\jvm.dll
0x00007ffbe5ed0000 - 0x00007ffbe5ed9000 	C:\Windows\SYSTEM32\WSOCK32.dll
0x00007ffbe3930000 - 0x00007ffbe3952000 	C:\Windows\SYSTEM32\WINMM.dll
0x00007ffbe7400000 - 0x00007ffbe740a000 	C:\Windows\SYSTEM32\VERSION.dll
0x00007ffbf1810000 - 0x00007ffbf1817000 	C:\Windows\system32\PSAPI.DLL
0x00007ffbf09c0000 - 0x00007ffbf0a1a000 	C:\Windows\system32\WS2_32.dll
0x00007ffbe3900000 - 0x00007ffbe392a000 	C:\Windows\SYSTEM32\WINMMBASE.dll
0x00007ffbf09b0000 - 0x00007ffbf09b9000 	C:\Windows\system32\NSI.dll
0x00007ffbeee90000 - 0x00007ffbeeedf000 	C:\Windows\SYSTEM32\cfgmgr32.dll
0x00007ffbed7b0000 - 0x00007ffbed7d8000 	C:\Windows\SYSTEM32\DEVOBJ.dll
0x00007ffbe5e50000 - 0x00007ffbe5e5f000 	C:\Android\android-studio\canary\jre\jre\bin\verify.dll
0x00007ffbe5d60000 - 0x00007ffbe5d89000 	C:\Android\android-studio\canary\jre\jre\bin\java.dll
0x00007ffbe5d40000 - 0x00007ffbe5d56000 	C:\Android\android-studio\canary\jre\jre\bin\zip.dll

VM Arguments:
jvm_args: -Djava.awt.headless=true -Xmx1024M -Dfile.encoding=windows-1252 -Duser.country=US -Duser.language=en -Duser.variant 
java_command: com.android.dx.command.Main --dex --num-threads=4 --output C:\Users\Andrew\Documents\github\LunchPals\app\build\intermediates\pre-dexed\debug\com.android.support-recyclerview-v7-24.0.0_f82f0b2d719e1db994b11f980794e3d3bd933208.jar C:\Users\Andrew\Documents\github\LunchPals\app\build\intermediates\exploded-aar\com.android.support\recyclerview-v7\24.0.0\jars\classes.jar
java_class_path (initial): C:\Android\android-sdk\build-tools\23.0.3\lib\dx.jar
Launcher Type: SUN_STANDARD

Environment Variables:
PATH=C:\ProgramData\Oracle\Java\javapath;C:\Windows\system32;C:\Windows;C:\Windows\System32\Wbem;C:\Windows\System32\WindowsPowerShell\v1.0\;C:\mongodb\bin;C:\Program Files (x86)\git\cmd;C:\HaxeToolkit\haxe\;C:\HaxeToolkit\neko;C:\Program Files\cURL\bin;C:\Users\Andrew\AppData\Roaming\nvm;C:\Program Files\nodejs;C:\Program Files (x86)\GNU\GnuPG\pub;C:\Program Files (x86)\Git\cmd;C:\Program Files (x86)\Heroku\bin;C:\Android\android-sdk\platform-tools;c:\Program Files\wkhtmltopdf\bin;C:\Ruby193\bin;C:\Users\Andrew\AppData\Roaming\npm;C:\Users\Andrew\AppData\Roaming\nvm;C:\Program Files\nodejs;c:\bin\
USERNAME=Andrew
OS=Windows_NT
PROCESSOR_IDENTIFIER=Intel64 Family 6 Model 60 Stepping 3, GenuineIntel



---------------  S Y S T E M  ---------------

OS: Windows 8.1 , 64 bit Build 9600 (6.3.9600.17415)

CPU:total 4 (2 cores per cpu, 2 threads per core) family 6 model 60 stepping 3, cmov, cx8, fxsr, mmx, sse, sse2, sse3, ssse3, sse4.1, sse4.2, popcnt, avx, avx2, aes, clmul, erms, lzcnt, ht, tsc, tscinvbit, bmi1, bmi2

Memory: 4k page, physical 8266616k(906680k free), swap 11412360k(5728k free)

vm_info: OpenJDK 64-Bit Server VM (25.76-b01) for windows-amd64 JRE (1.8.0_76-release-b01), built on May 12 2016 23:29:00 by "ralucas" with MS VC++ 10.0 (VS2010)

time: Tue Jun 21 16:22:52 2016
elapsed time: 0 seconds (0d 0h 0m 0s)

